<?xml version="1.0" encoding="UTF-8"?>
<!-- Generated by org.testng.reporters.JUnitReportReporter -->
<testsuite hostname="MohamedReda" failures="0" tests="1" name="TestArchiveList" time="1.711" errors="0" timestamp="2023-01-14T15:46:13 EET" skipped="0">
  <testcase classname="TestArchiveList" name="archiveList" time="1.711"/>
  <system-out/>
</testsuite> <!-- TestArchiveList -->
