<?xml version="1.0" encoding="UTF-8"?>
<!-- Generated by org.testng.reporters.JUnitReportReporter -->
<testsuite hostname="MohamedReda" failures="0" tests="1" name="TestDeleteBoard" time="0.499" errors="0" timestamp="2023-01-14T15:46:13 EET" skipped="0">
  <testcase classname="TestDeleteBoard" name="deleteBoard" time="0.499"/>
  <system-out/>
</testsuite> <!-- TestDeleteBoard -->
