<?xml version="1.0" encoding="UTF-8"?>
<!-- Generated by org.testng.reporters.JUnitReportReporter -->
<testsuite hostname="MohamedReda" failures="0" tests="1" name="TestCreateBoard" time="0.616" errors="0" timestamp="2023-01-14T15:46:13 EET" skipped="0">
  <testcase classname="TestCreateBoard" name="createBoard" time="0.616"/>
  <system-out/>
</testsuite> <!-- TestCreateBoard -->
