<?xml version="1.0" encoding="UTF-8"?>
<!-- Generated by org.testng.reporters.JUnitReportReporter -->
<testsuite hostname="MohamedReda" failures="0" tests="1" name="TestGetUser" time="1.025" errors="0" timestamp="2023-01-14T15:46:13 EET" skipped="0">
  <testcase classname="TestGetUser" name="getUSer" time="1.025"/>
  <system-out/>
</testsuite> <!-- TestGetUser -->
