<?xml version="1.0" encoding="UTF-8"?>
<!-- Generated by org.testng.reporters.JUnitReportReporter -->
<testsuite hostname="MohamedReda" failures="0" tests="1" name="TestGetBoards" time="0.001" errors="0" timestamp="2023-01-14T15:46:13 EET" skipped="0">
  <testcase classname="TestGetBoards" name="getBoards" time="0.001"/>
  <system-out/>
</testsuite> <!-- TestGetBoards -->
